\BOOKMARK [1][-]{section.1}{Introduction}{}% 1
\BOOKMARK [1][-]{section.2}{Related work}{}% 2
\BOOKMARK [2][-]{subsection.2.1}{Saliency detection}{section.2}% 3
\BOOKMARK [2][-]{subsection.2.2}{Virtual cinematography}{section.2}% 4
\BOOKMARK [1][-]{section.3}{Database establishment and analysis}{}% 5
\BOOKMARK [2][-]{subsection.3.1}{Database establishment}{section.3}% 6
\BOOKMARK [2][-]{subsection.3.2}{Database analysis}{section.3}% 7
\BOOKMARK [1][-]{section.4}{Offline-DHP approach}{}% 8
\BOOKMARK [2][-]{subsection.4.1}{Framework of offline-DHP}{section.4}% 9
\BOOKMARK [2][-]{subsection.4.2}{DRL model of the Offline-DHP approach}{section.4}% 10
\BOOKMARK [1][-]{section.5}{Online-DHP approach}{}% 11
\BOOKMARK [1][-]{section.6}{Experimental results}{}% 12
\BOOKMARK [2][-]{subsection.6.1}{Settings}{section.6}% 13
\BOOKMARK [2][-]{subsection.6.2}{Performance evaluation on offline-DHP}{section.6}% 14
\BOOKMARK [2][-]{subsection.6.3}{Performance evaluation on online-DHP}{section.6}% 15
\BOOKMARK [1][-]{section.7}{Conclusion}{}% 16
\BOOKMARK [1][-]{section*.18}{Appendix A: Proof of Proposition 1}{}% 17
\BOOKMARK [1][-]{section*.20}{References}{}% 18
\BOOKMARK [1][-]{IEEEbiography.0}{Biographies}{}% 19
\BOOKMARK [2][-]{IEEEbiography.1}{Michael Shell}{IEEEbiography.0}% 20
\BOOKMARK [2][-]{IEEEbiography.2}{John Doe}{IEEEbiography.0}% 21
\BOOKMARK [2][-]{IEEEbiography.3}{Jane Doe}{IEEEbiography.0}% 22
