This is pdfTeX, Version 3.1415926-2.3-1.40.12 (MiKTeX 2.9) (preloaded format=pdflatex 2017.8.25)  28 AUG 2017 12:39
entering extended mode
**J:/ff_paper/pami_2017_dhp_master/pami_2017_dhp/pami2017_dhp.tex
(J:/ff_paper/pami_2017_dhp_master/pami_2017_dhp/pami2017_dhp.tex
LaTeX2e <2011/06/27>
Babel <v3.8m> and hyphenation patterns for loaded.
(J:\ff_paper\pami_2017_dhp_master\pami_2017_dhp\IEEEtran.cls
Document Class: IEEEtran 2015/08/26 V1.8b by Michael Shell
-- See the "IEEEtran_HOWTO" manual for usage information.
-- http://www.michaelshell.org/tex/ieeetran/
\@IEEEtrantmpdimenA=\dimen102
\@IEEEtrantmpdimenB=\dimen103
\@IEEEtrantmpdimenC=\dimen104
\@IEEEtrantmpcountA=\count79
\@IEEEtrantmpcountB=\count80
\@IEEEtrantmpcountC=\count81
\@IEEEtrantmptoksA=\toks14
LaTeX Font Info:    Try loading font information for OT1+ppl on input line 503.

(C:\CTEX\MiKTeX\tex\latex\psnfss\ot1ppl.fd
File: ot1ppl.fd 2001/06/04 font definitions for OT1/ppl.
)
-- Using IEEE Computer Society mode.
-- Using 8.5in x 11in (letter) paper.
-- Using PDF output.
\@IEEEnormalsizeunitybaselineskip=\dimen105
-- This is a 10 point document.
\CLASSINFOnormalsizebaselineskip=\dimen106
\CLASSINFOnormalsizeunitybaselineskip=\dimen107
\IEEEnormaljot=\dimen108
LaTeX Font Info:    Font shape `OT1/ppl/bx/n' in size <5.01874> not available
(Font)              Font shape `OT1/ppl/b/n' tried instead on input line 1090.
LaTeX Font Info:    Font shape `OT1/ppl/bx/it' in size <5.01874> not available
(Font)              Font shape `OT1/ppl/b/it' tried instead on input line 1090.

LaTeX Font Info:    Font shape `OT1/ppl/bx/n' in size <7.02625> not available
(Font)              Font shape `OT1/ppl/b/n' tried instead on input line 1090.
LaTeX Font Info:    Font shape `OT1/ppl/bx/it' in size <7.02625> not available
(Font)              Font shape `OT1/ppl/b/it' tried instead on input line 1090.

LaTeX Font Info:    Font shape `OT1/ppl/bx/n' in size <8.03> not available
(Font)              Font shape `OT1/ppl/b/n' tried instead on input line 1090.
LaTeX Font Info:    Font shape `OT1/ppl/bx/it' in size <8.03> not available
(Font)              Font shape `OT1/ppl/b/it' tried instead on input line 1090.

LaTeX Font Info:    Font shape `OT1/ppl/bx/n' in size <9.03374> not available
(Font)              Font shape `OT1/ppl/b/n' tried instead on input line 1090.
LaTeX Font Info:    Font shape `OT1/ppl/bx/it' in size <9.03374> not available
(Font)              Font shape `OT1/ppl/b/it' tried instead on input line 1090.

LaTeX Font Info:    Font shape `OT1/ppl/bx/n' in size <9.53561> not available
(Font)              Font shape `OT1/ppl/b/n' tried instead on input line 1090.
LaTeX Font Info:    Font shape `OT1/ppl/bx/it' in size <9.53561> not available
(Font)              Font shape `OT1/ppl/b/it' tried instead on input line 1090.

LaTeX Font Info:    Font shape `OT1/ppl/bx/n' in size <11.04124> not available
(Font)              Font shape `OT1/ppl/b/n' tried instead on input line 1090.
LaTeX Font Info:    Font shape `OT1/ppl/bx/it' in size <11.04124> not available

(Font)              Font shape `OT1/ppl/b/it' tried instead on input line 1090.

LaTeX Font Info:    Font shape `OT1/ppl/bx/n' in size <12.045> not available
(Font)              Font shape `OT1/ppl/b/n' tried instead on input line 1090.
LaTeX Font Info:    Font shape `OT1/ppl/bx/it' in size <12.045> not available
(Font)              Font shape `OT1/ppl/b/it' tried instead on input line 1090.

LaTeX Font Info:    Font shape `OT1/ppl/bx/n' in size <17.06374> not available
(Font)              Font shape `OT1/ppl/b/n' tried instead on input line 1090.
LaTeX Font Info:    Font shape `OT1/ppl/bx/it' in size <17.06374> not available

(Font)              Font shape `OT1/ppl/b/it' tried instead on input line 1090.

LaTeX Font Info:    Font shape `OT1/ppl/bx/n' in size <20.075> not available
(Font)              Font shape `OT1/ppl/b/n' tried instead on input line 1090.
LaTeX Font Info:    Font shape `OT1/ppl/bx/it' in size <20.075> not available
(Font)              Font shape `OT1/ppl/b/it' tried instead on input line 1090.

LaTeX Font Info:    Font shape `OT1/ppl/bx/n' in size <24.09> not available
(Font)              Font shape `OT1/ppl/b/n' tried instead on input line 1090.
LaTeX Font Info:    Font shape `OT1/ppl/bx/it' in size <24.09> not available
(Font)              Font shape `OT1/ppl/b/it' tried instead on input line 1090.

\IEEEquantizedlength=\dimen109
\IEEEquantizedlengthdiff=\dimen110
\IEEEquantizedtextheightdiff=\dimen111
\IEEEilabelindentA=\dimen112
\IEEEilabelindentB=\dimen113
\IEEEilabelindent=\dimen114
\IEEEelabelindent=\dimen115
\IEEEdlabelindent=\dimen116
\IEEElabelindent=\dimen117
\IEEEiednormlabelsep=\dimen118
\IEEEiedmathlabelsep=\dimen119
\IEEEiedtopsep=\skip41
\c@section=\count82
\c@subsection=\count83
\c@subsubsection=\count84
\c@paragraph=\count85
\c@IEEEsubequation=\count86
\abovecaptionskip=\skip42
\belowcaptionskip=\skip43
\c@figure=\count87
\c@table=\count88
\@IEEEeqnnumcols=\count89
\@IEEEeqncolcnt=\count90
\@IEEEsubeqnnumrollback=\count91
\@IEEEquantizeheightA=\dimen120
\@IEEEquantizeheightB=\dimen121
\@IEEEquantizeheightC=\dimen122
\@IEEEquantizeprevdepth=\dimen123
\@IEEEquantizemultiple=\count92
\@IEEEquantizeboxA=\box26
\@IEEEtmpitemindent=\dimen124
\IEEEPARstartletwidth=\dimen125
\c@IEEEbiography=\count93
\@IEEEtranrubishbin=\box27
) (C:\CTEX\MiKTeX\tex\latex\cite\cite.sty
LaTeX Info: Redefining \cite on input line 302.
LaTeX Info: Redefining \nocite on input line 373.
Package: cite 2010/09/10  v 5.3
)
(C:\CTEX\MiKTeX\tex\latex\base\inputenc.sty
Package: inputenc 2008/03/30 v1.1d Input encoding file
\inpenc@prehook=\toks15
\inpenc@posthook=\toks16

(C:\CTEX\MiKTeX\tex\latex\base\utf8.def
File: utf8.def 2008/04/05 v1.1m UTF-8 support for inputenc
Now handling font encoding OML ...
... no UTF-8 mapping file for font encoding OML
Now handling font encoding T1 ...
... processing UTF-8 mapping file for font encoding T1

(C:\CTEX\MiKTeX\tex\latex\base\t1enc.dfu
File: t1enc.dfu 2008/04/05 v1.1m UTF-8 support for inputenc
   defining Unicode char U+00A1 (decimal 161)
   defining Unicode char U+00A3 (decimal 163)
   defining Unicode char U+00AB (decimal 171)
   defining Unicode char U+00BB (decimal 187)
   defining Unicode char U+00BF (decimal 191)
   defining Unicode char U+00C0 (decimal 192)
   defining Unicode char U+00C1 (decimal 193)
   defining Unicode char U+00C2 (decimal 194)
   defining Unicode char U+00C3 (decimal 195)
   defining Unicode char U+00C4 (decimal 196)
   defining Unicode char U+00C5 (decimal 197)
   defining Unicode char U+00C6 (decimal 198)
   defining Unicode char U+00C7 (decimal 199)
   defining Unicode char U+00C8 (decimal 200)
   defining Unicode char U+00C9 (decimal 201)
   defining Unicode char U+00CA (decimal 202)
   defining Unicode char U+00CB (decimal 203)
   defining Unicode char U+00CC (decimal 204)
   defining Unicode char U+00CD (decimal 205)
   defining Unicode char U+00CE (decimal 206)
   defining Unicode char U+00CF (decimal 207)
   defining Unicode char U+00D0 (decimal 208)
   defining Unicode char U+00D1 (decimal 209)
   defining Unicode char U+00D2 (decimal 210)
   defining Unicode char U+00D3 (decimal 211)
   defining Unicode char U+00D4 (decimal 212)
   defining Unicode char U+00D5 (decimal 213)
   defining Unicode char U+00D6 (decimal 214)
   defining Unicode char U+00D8 (decimal 216)
   defining Unicode char U+00D9 (decimal 217)
   defining Unicode char U+00DA (decimal 218)
   defining Unicode char U+00DB (decimal 219)
   defining Unicode char U+00DC (decimal 220)
   defining Unicode char U+00DD (decimal 221)
   defining Unicode char U+00DE (decimal 222)
   defining Unicode char U+00DF (decimal 223)
   defining Unicode char U+00E0 (decimal 224)
   defining Unicode char U+00E1 (decimal 225)
   defining Unicode char U+00E2 (decimal 226)
   defining Unicode char U+00E3 (decimal 227)
   defining Unicode char U+00E4 (decimal 228)
   defining Unicode char U+00E5 (decimal 229)
   defining Unicode char U+00E6 (decimal 230)
   defining Unicode char U+00E7 (decimal 231)
   defining Unicode char U+00E8 (decimal 232)
   defining Unicode char U+00E9 (decimal 233)
   defining Unicode char U+00EA (decimal 234)
   defining Unicode char U+00EB (decimal 235)
   defining Unicode char U+00EC (decimal 236)
   defining Unicode char U+00ED (decimal 237)
   defining Unicode char U+00EE (decimal 238)
   defining Unicode char U+00EF (decimal 239)
   defining Unicode char U+00F0 (decimal 240)
   defining Unicode char U+00F1 (decimal 241)
   defining Unicode char U+00F2 (decimal 242)
   defining Unicode char U+00F3 (decimal 243)
   defining Unicode char U+00F4 (decimal 244)
   defining Unicode char U+00F5 (decimal 245)
   defining Unicode char U+00F6 (decimal 246)
   defining Unicode char U+00F8 (decimal 248)
   defining Unicode char U+00F9 (decimal 249)
   defining Unicode char U+00FA (decimal 250)
   defining Unicode char U+00FB (decimal 251)
   defining Unicode char U+00FC (decimal 252)
   defining Unicode char U+00FD (decimal 253)
   defining Unicode char U+00FE (decimal 254)
   defining Unicode char U+00FF (decimal 255)
   defining Unicode char U+0102 (decimal 258)
   defining Unicode char U+0103 (decimal 259)
   defining Unicode char U+0104 (decimal 260)
   defining Unicode char U+0105 (decimal 261)
   defining Unicode char U+0106 (decimal 262)
   defining Unicode char U+0107 (decimal 263)
   defining Unicode char U+010C (decimal 268)
   defining Unicode char U+010D (decimal 269)
   defining Unicode char U+010E (decimal 270)
   defining Unicode char U+010F (decimal 271)
   defining Unicode char U+0110 (decimal 272)
   defining Unicode char U+0111 (decimal 273)
   defining Unicode char U+0118 (decimal 280)
   defining Unicode char U+0119 (decimal 281)
   defining Unicode char U+011A (decimal 282)
   defining Unicode char U+011B (decimal 283)
   defining Unicode char U+011E (decimal 286)
   defining Unicode char U+011F (decimal 287)
   defining Unicode char U+0130 (decimal 304)
   defining Unicode char U+0131 (decimal 305)
   defining Unicode char U+0132 (decimal 306)
   defining Unicode char U+0133 (decimal 307)
   defining Unicode char U+0139 (decimal 313)
   defining Unicode char U+013A (decimal 314)
   defining Unicode char U+013D (decimal 317)
   defining Unicode char U+013E (decimal 318)
   defining Unicode char U+0141 (decimal 321)
   defining Unicode char U+0142 (decimal 322)
   defining Unicode char U+0143 (decimal 323)
   defining Unicode char U+0144 (decimal 324)
   defining Unicode char U+0147 (decimal 327)
   defining Unicode char U+0148 (decimal 328)
   defining Unicode char U+014A (decimal 330)
   defining Unicode char U+014B (decimal 331)
   defining Unicode char U+0150 (decimal 336)
   defining Unicode char U+0151 (decimal 337)
   defining Unicode char U+0152 (decimal 338)
   defining Unicode char U+0153 (decimal 339)
   defining Unicode char U+0154 (decimal 340)
   defining Unicode char U+0155 (decimal 341)
   defining Unicode char U+0158 (decimal 344)
   defining Unicode char U+0159 (decimal 345)
   defining Unicode char U+015A (decimal 346)
   defining Unicode char U+015B (decimal 347)
   defining Unicode char U+015E (decimal 350)
   defining Unicode char U+015F (decimal 351)
   defining Unicode char U+0160 (decimal 352)
   defining Unicode char U+0161 (decimal 353)
   defining Unicode char U+0162 (decimal 354)
   defining Unicode char U+0163 (decimal 355)
   defining Unicode char U+0164 (decimal 356)
   defining Unicode char U+0165 (decimal 357)
   defining Unicode char U+016E (decimal 366)
   defining Unicode char U+016F (decimal 367)
   defining Unicode char U+0170 (decimal 368)
   defining Unicode char U+0171 (decimal 369)
   defining Unicode char U+0178 (decimal 376)
   defining Unicode char U+0179 (decimal 377)
   defining Unicode char U+017A (decimal 378)
   defining Unicode char U+017B (decimal 379)
   defining Unicode char U+017C (decimal 380)
   defining Unicode char U+017D (decimal 381)
   defining Unicode char U+017E (decimal 382)
   defining Unicode char U+200C (decimal 8204)
   defining Unicode char U+2013 (decimal 8211)
   defining Unicode char U+2014 (decimal 8212)
   defining Unicode char U+2018 (decimal 8216)
   defining Unicode char U+2019 (decimal 8217)
   defining Unicode char U+201A (decimal 8218)
   defining Unicode char U+201C (decimal 8220)
   defining Unicode char U+201D (decimal 8221)
   defining Unicode char U+201E (decimal 8222)
   defining Unicode char U+2030 (decimal 8240)
   defining Unicode char U+2031 (decimal 8241)
   defining Unicode char U+2039 (decimal 8249)
   defining Unicode char U+203A (decimal 8250)
   defining Unicode char U+2423 (decimal 9251)
)
Now handling font encoding OT1 ...
... processing UTF-8 mapping file for font encoding OT1

(C:\CTEX\MiKTeX\tex\latex\base\ot1enc.dfu
File: ot1enc.dfu 2008/04/05 v1.1m UTF-8 support for inputenc
   defining Unicode char U+00A1 (decimal 161)
   defining Unicode char U+00A3 (decimal 163)
   defining Unicode char U+00B8 (decimal 184)
   defining Unicode char U+00BF (decimal 191)
   defining Unicode char U+00C5 (decimal 197)
   defining Unicode char U+00C6 (decimal 198)
   defining Unicode char U+00D8 (decimal 216)
   defining Unicode char U+00DF (decimal 223)
   defining Unicode char U+00E6 (decimal 230)
   defining Unicode char U+00EC (decimal 236)
   defining Unicode char U+00ED (decimal 237)
   defining Unicode char U+00EE (decimal 238)
   defining Unicode char U+00EF (decimal 239)
   defining Unicode char U+00F8 (decimal 248)
   defining Unicode char U+0131 (decimal 305)
   defining Unicode char U+0141 (decimal 321)
   defining Unicode char U+0142 (decimal 322)
   defining Unicode char U+0152 (decimal 338)
   defining Unicode char U+0153 (decimal 339)
   defining Unicode char U+2013 (decimal 8211)
   defining Unicode char U+2014 (decimal 8212)
   defining Unicode char U+2018 (decimal 8216)
   defining Unicode char U+2019 (decimal 8217)
   defining Unicode char U+201C (decimal 8220)
   defining Unicode char U+201D (decimal 8221)
)
Now handling font encoding OMS ...
... processing UTF-8 mapping file for font encoding OMS

(C:\CTEX\MiKTeX\tex\latex\base\omsenc.dfu
File: omsenc.dfu 2008/04/05 v1.1m UTF-8 support for inputenc
   defining Unicode char U+00A7 (decimal 167)
   defining Unicode char U+00B6 (decimal 182)
   defining Unicode char U+00B7 (decimal 183)
   defining Unicode char U+2020 (decimal 8224)
   defining Unicode char U+2021 (decimal 8225)
   defining Unicode char U+2022 (decimal 8226)
)
Now handling font encoding OMX ...
... no UTF-8 mapping file for font encoding OMX
Now handling font encoding U ...
... no UTF-8 mapping file for font encoding U
   defining Unicode char U+00A9 (decimal 169)
   defining Unicode char U+00AA (decimal 170)
   defining Unicode char U+00AE (decimal 174)
   defining Unicode char U+00BA (decimal 186)
   defining Unicode char U+02C6 (decimal 710)
   defining Unicode char U+02DC (decimal 732)
   defining Unicode char U+200C (decimal 8204)
   defining Unicode char U+2026 (decimal 8230)
   defining Unicode char U+2122 (decimal 8482)
   defining Unicode char U+2423 (decimal 9251)
))
(C:\CTEX\MiKTeX\tex\latex\base\fontenc.sty
Package: fontenc 2005/09/27 v1.99g Standard LaTeX package

(C:\CTEX\MiKTeX\tex\latex\base\t1enc.def
File: t1enc.def 2005/09/27 v1.99g Standard LaTeX file
LaTeX Font Info:    Redeclaring font encoding T1 on input line 43.
)
LaTeX Font Info:    Try loading font information for T1+ppl on input line 100.

(C:\CTEX\MiKTeX\tex\latex\psnfss\t1ppl.fd
File: t1ppl.fd 2001/06/04 font definitions for T1/ppl.
))
(C:\CTEX\MiKTeX\tex\latex\hyperref\hyperref.sty
Package: hyperref 2012/02/06 v6.82o Hypertext links for LaTeX

(C:\CTEX\MiKTeX\tex\generic\oberdiek\hobsub-hyperref.sty
Package: hobsub-hyperref 2011/04/23 v1.4 Bundle oberdiek, subset hyperref (HO)

(C:\CTEX\MiKTeX\tex\generic\oberdiek\hobsub-generic.sty
Package: hobsub-generic 2011/04/23 v1.4 Bundle oberdiek, subset generic (HO)
Package: hobsub 2011/04/23 v1.4 Subsetting bundle oberdiek (HO)
Package: infwarerr 2010/04/08 v1.3 Providing info/warning/message (HO)
Package: ltxcmds 2011/04/18 v1.20 LaTeX kernel commands for general use (HO)
Package: ifluatex 2010/03/01 v1.3 Provides the ifluatex switch (HO)
Package ifluatex Info: LuaTeX not detected.
Package: ifvtex 2010/03/01 v1.5 Switches for detecting VTeX and its modes (HO)
Package ifvtex Info: VTeX not detected.
Package: intcalc 2007/09/27 v1.1 Expandable integer calculations (HO)
Package: ifpdf 2011/01/30 v2.3 Provides the ifpdf switch (HO)
Package ifpdf Info: pdfTeX in PDF mode is detected.
Package: etexcmds 2011/02/16 v1.5 Prefix for e-TeX command names (HO)
Package etexcmds Info: Could not find \expanded.
(etexcmds)             That can mean that you are not using pdfTeX 1.50 or
(etexcmds)             that some package has redefined \expanded.
(etexcmds)             In the latter case, load this package earlier.
Package: kvsetkeys 2011/04/07 v1.13 Key value parser (HO)
Package: kvdefinekeys 2011/04/07 v1.3 Defining keys (HO)
Package: pdftexcmds 2011/04/22 v0.16 Utilities of pdfTeX for LuaTeX (HO)
Package pdftexcmds Info: LuaTeX not detected.
Package pdftexcmds Info: \pdf@primitive is available.
Package pdftexcmds Info: \pdf@ifprimitive is available.
Package pdftexcmds Info: \pdfdraftmode found.
Package: pdfescape 2011/04/04 v1.12 Provides string conversions (HO)
Package: bigintcalc 2011/01/30 v1.2 Expandable big integer calculations (HO)
Package: bitset 2011/01/30 v1.1 Data type bit set (HO)
Package: uniquecounter 2011/01/30 v1.2 Provides unlimited unique counter (HO)
)
Package hobsub Info: Skipping package `hobsub' (already loaded).
Package: letltxmacro 2010/09/02 v1.4 Let assignment for LaTeX macros (HO)
Package: hopatch 2011/01/30 v1.0 Wrapper for package hooks (HO)
Package: xcolor-patch 2011/01/30 xcolor patch
Package: atveryend 2011/04/23 v1.7 Hooks at very end of document (HO)
Package: atbegshi 2011/01/30 v1.15 At begin shipout hook (HO)
Package: refcount 2010/12/01 v3.2 Data extraction from references (HO)
Package: hycolor 2011/01/30 v1.7 Color options of hyperref/bookmark (HO)
)
(C:\CTEX\MiKTeX\tex\latex\graphics\keyval.sty
Package: keyval 1999/03/16 v1.13 key=value parser (DPC)
\KV@toks@=\toks17
)
(C:\CTEX\MiKTeX\tex\generic\ifxetex\ifxetex.sty
Package: ifxetex 2010/09/12 v0.6 Provides ifxetex conditional
)
(C:\CTEX\MiKTeX\tex\latex\oberdiek\kvoptions.sty
Package: kvoptions 2010/12/23 v3.10 Keyval support for LaTeX options (HO)
)
\@linkdim=\dimen126
\Hy@linkcounter=\count94
\Hy@pagecounter=\count95

(C:\CTEX\MiKTeX\tex\latex\hyperref\pd1enc.def
File: pd1enc.def 2012/02/06 v6.82o Hyperref: PDFDocEncoding definition (HO)
Now handling font encoding PD1 ...
... no UTF-8 mapping file for font encoding PD1
)
\Hy@SavedSpaceFactor=\count96

(C:\CTEX\MiKTeX\tex\latex\00miktex\hyperref.cfg
File: hyperref.cfg 2002/06/06 v1.2 hyperref configuration of TeXLive
)
Package hyperref Info: Hyper figures OFF on input line 4046.
Package hyperref Info: Link nesting OFF on input line 4051.
Package hyperref Info: Hyper index ON on input line 4054.
Package hyperref Info: Plain pages OFF on input line 4061.
Package hyperref Info: Backreferencing OFF on input line 4066.
Package hyperref Info: Implicit mode ON; LaTeX internals redefined.
Package hyperref Info: Bookmarks ON on input line 4284.
\c@Hy@tempcnt=\count97

(C:\CTEX\MiKTeX\tex\latex\ltxmisc\url.sty
\Urlmuskip=\muskip10
Package: url 2006/04/12  ver 3.3  Verb mode for urls, etc.
)
LaTeX Info: Redefining \url on input line 4637.
\Fld@menulength=\count98
\Field@Width=\dimen127
\Fld@charsize=\dimen128
Package hyperref Info: Hyper figures OFF on input line 5757.
Package hyperref Info: Link nesting OFF on input line 5762.
Package hyperref Info: Hyper index ON on input line 5765.
Package hyperref Info: backreferencing OFF on input line 5772.
Package hyperref Info: Link coloring OFF on input line 5777.
Package hyperref Info: Link coloring with OCG OFF on input line 5782.
Package hyperref Info: PDF/A mode OFF on input line 5787.
LaTeX Info: Redefining \ref on input line 5827.
LaTeX Info: Redefining \pageref on input line 5831.
\Hy@abspage=\count99
\c@Item=\count100
\c@Hfootnote=\count101
)

Package hyperref Message: Driver (autodetected): hpdftex.

(C:\CTEX\MiKTeX\tex\latex\hyperref\hpdftex.def
File: hpdftex.def 2012/02/06 v6.82o Hyperref driver for pdfTeX
\Fld@listcount=\count102
\c@bookmark@seq@number=\count103

(C:\CTEX\MiKTeX\tex\latex\oberdiek\rerunfilecheck.sty
Package: rerunfilecheck 2011/04/15 v1.7 Rerun checks for auxiliary files (HO)
Package uniquecounter Info: New unique counter `rerunfilecheck' on input line 2
82.
)
\Hy@SectionHShift=\skip44
)
(C:\CTEX\MiKTeX\tex\latex\booktabs\booktabs.sty
Package: booktabs 2005/04/14 v1.61803 publication quality tables
\heavyrulewidth=\dimen129
\lightrulewidth=\dimen130
\cmidrulewidth=\dimen131
\belowrulesep=\dimen132
\belowbottomsep=\dimen133
\aboverulesep=\dimen134
\abovetopsep=\dimen135
\cmidrulesep=\dimen136
\cmidrulekern=\dimen137
\defaultaddspace=\dimen138
\@cmidla=\count104
\@cmidlb=\count105
\@aboverulesep=\dimen139
\@belowrulesep=\dimen140
\@thisruleclass=\count106
\@lastruleclass=\count107
\@thisrulewidth=\dimen141
)
(C:\CTEX\MiKTeX\tex\latex\amsfonts\amsfonts.sty
Package: amsfonts 2009/06/22 v3.00 Basic AMSFonts support
\@emptytoks=\toks18
\symAMSa=\mathgroup4
\symAMSb=\mathgroup5
LaTeX Font Info:    Overwriting math alphabet `\mathfrak' in version `bold'
(Font)                  U/euf/m/n --> U/euf/b/n on input line 96.
)
(C:\CTEX\MiKTeX\tex\latex\units\nicefrac.sty
Package: nicefrac 1998/08/04 v0.9b Nice fractions
\L@UnitsRaiseDisplaystyle=\skip45
\L@UnitsRaiseTextstyle=\skip46
\L@UnitsRaiseScriptstyle=\skip47

(C:\CTEX\MiKTeX\tex\latex\base\ifthen.sty
Package: ifthen 2001/05/26 v1.1c Standard LaTeX ifthen package (DPC)
))
(C:\CTEX\MiKTeX\tex\latex\microtype\microtype.sty
Package: microtype 2010/01/10 v2.4 Micro-typography with pdfTeX (RS)
\MT@toks=\toks19
\MT@count=\count108
LaTeX Info: Redefining \lsstyle on input line 1597.
LaTeX Info: Redefining \lslig on input line 1597.
\MT@outer@space=\skip48
LaTeX Info: Redefining \textls on input line 1605.
\MT@outer@kern=\dimen142
LaTeX Info: Redefining \textmicrotypecontext on input line 2156.
Package microtype Info: Loading configuration file microtype.cfg.

(C:\CTEX\MiKTeX\tex\latex\microtype\microtype.cfg
File: microtype.cfg 2010/01/10 v2.4 microtype main configuration file (RS)
))
(C:\CTEX\MiKTeX\tex\latex\graphics\graphicx.sty
Package: graphicx 1999/02/16 v1.0f Enhanced LaTeX Graphics (DPC,SPQR)

(C:\CTEX\MiKTeX\tex\latex\graphics\graphics.sty
Package: graphics 2009/02/05 v1.0o Standard LaTeX Graphics (DPC,SPQR)

(C:\CTEX\MiKTeX\tex\latex\graphics\trig.sty
Package: trig 1999/03/16 v1.09 sin cos tan (DPC)
)
(C:\CTEX\MiKTeX\tex\latex\00miktex\graphics.cfg
File: graphics.cfg 2007/01/18 v1.5 graphics configuration of teTeX/TeXLive
)
Package graphics Info: Driver file: pdftex.def on input line 91.

(C:\CTEX\MiKTeX\tex\latex\pdftex-def\pdftex.def
File: pdftex.def 2011/05/27 v0.06d Graphics/color for pdfTeX
\Gread@gobject=\count109
))
\Gin@req@height=\dimen143
\Gin@req@width=\dimen144
)
(C:\CTEX\MiKTeX\tex\latex\float\float.sty
Package: float 2001/11/08 v1.3d Float enhancements (AL)
\c@float@type=\count110
\float@exts=\toks20
\float@box=\box28
\@float@everytoks=\toks21
\@floatcapt=\box29
)
(C:\CTEX\MiKTeX\tex\latex\multirow\multirow.sty
\bigstrutjot=\dimen145
)
(C:\CTEX\MiKTeX\tex\latex\makecell\makecell.sty
Package: makecell 2009/08/03 V0.1e Managing of Tab Column Heads and Cells

(C:\CTEX\MiKTeX\tex\latex\tools\array.sty
Package: array 2008/09/09 v2.4c Tabular extension package (FMi)
\col@sep=\dimen146
\extrarowheight=\dimen147
\NC@list=\toks22
\extratabsurround=\skip49
\backup@length=\skip50
)
\rotheadsize=\dimen148
\c@nlinenum=\count111
\TeXr@lab=\toks23
)
(C:\CTEX\MiKTeX\tex\latex\graphics\color.sty
Package: color 2005/11/14 v1.0j Standard LaTeX Color (DPC)

(C:\CTEX\MiKTeX\tex\latex\00miktex\color.cfg
File: color.cfg 2007/01/18 v1.5 color configuration of teTeX/TeXLive
)
Package color Info: Driver file: pdftex.def on input line 130.
)
(C:\CTEX\MiKTeX\tex\latex\subfigure\subfigure.sty
Package: subfigure 2002/07/30 v2.1.4 subfigure package
\subfigtopskip=\skip51
\subfigcapskip=\skip52
\subfigcaptopadj=\dimen149
\subfigbottomskip=\skip53
\subfigcapmargin=\dimen150
\subfiglabelskip=\skip54
\c@subfigure=\count112
\c@lofdepth=\count113
\c@subtable=\count114
\c@lotdepth=\count115

****************************************
* Local config file subfigure.cfg used *
****************************************
(C:\CTEX\MiKTeX\tex\latex\subfigure\subfigure.cfg)
\subfig@top=\skip55
\subfig@bottom=\skip56
)
(C:\CTEX\MiKTeX\tex\latex\caption\caption.sty
Package: caption 2011/11/10 v3.2e Customizing captions (AR)

(C:\CTEX\MiKTeX\tex\latex\caption\caption3.sty
Package: caption3 2011/11/01 v1.4a caption3 kernel (AR)
\captionmargin=\dimen151
\captionmargin@=\dimen152
\captionwidth=\dimen153
\caption@indent=\dimen154
\caption@parindent=\dimen155
\caption@hangindent=\dimen156
Package caption Info: Unknown document class (or package),
(caption)             standard defaults will be used.
)

Package caption Warning: Unsupported document class (or package) detected,
(caption)                usage of the caption package is not recommended.
See the caption package documentation for explanation.

Package caption Info: \@makecaption = \long macro:#1#2->\ifx \@captype \@IEEEta
blestring \footnotesize \bgroup \par \centering \@IEEEtabletopskipstrut {\norma
lfont \sffamily \footnotesize #1}\\{\normalfont \sffamily \footnotesize #2}\par
 \addvspace {0.5\baselineskip }\egroup \@IEEEtablecaptionsepspace \else \@IEEEf
igurecaptionsepspace \setbox \@tempboxa \hbox {\normalfont \sffamily \footnotes
ize {#1.}\nobreakspace #2}\ifdim \wd \@tempboxa >\hsize \setbox \@tempboxa \hbo
x {\normalfont \sffamily \footnotesize {#1.}\nobreakspace }\parbox [t]{\hsize }
{\normalfont \sffamily \footnotesize \noindent \unhbox \@tempboxa #2}\else \hbo
x to\hsize {\normalfont \sffamily \footnotesize \box \@tempboxa \hfil }\fi \fi 
.
\c@ContinuedFloat=\count116
Package caption Info: float package is loaded.
Package caption Info: hyperref package is loaded.
Package caption Info: subfigure package is loaded.
) (C:\CTEX\MiKTeX\tex\latex\setspace\setspace.sty
Package: setspace 2011/12/19 v6.7a set line spacing
)
(C:\CTEX\MiKTeX\tex\latex\ams\math\amsmath.sty
Package: amsmath 2000/07/18 v2.13 AMS math features
\@mathmargin=\skip57

For additional information on amsmath, use the `?' option.
(C:\CTEX\MiKTeX\tex\latex\ams\math\amstext.sty
Package: amstext 2000/06/29 v2.01

(C:\CTEX\MiKTeX\tex\latex\ams\math\amsgen.sty
File: amsgen.sty 1999/11/30 v2.0
\@emptytoks=\toks24
\ex@=\dimen157
))
(C:\CTEX\MiKTeX\tex\latex\ams\math\amsbsy.sty
Package: amsbsy 1999/11/29 v1.2d
\pmbraise@=\dimen158
)
(C:\CTEX\MiKTeX\tex\latex\ams\math\amsopn.sty
Package: amsopn 1999/12/14 v2.01 operator names
)
\inf@bad=\count117
LaTeX Info: Redefining \frac on input line 211.
\uproot@=\count118
\leftroot@=\count119
LaTeX Info: Redefining \overline on input line 307.
\classnum@=\count120
\DOTSCASE@=\count121
LaTeX Info: Redefining \ldots on input line 379.
LaTeX Info: Redefining \dots on input line 382.
LaTeX Info: Redefining \cdots on input line 467.
\Mathstrutbox@=\box30
\strutbox@=\box31
\big@size=\dimen159
LaTeX Font Info:    Redeclaring font encoding OML on input line 567.
LaTeX Font Info:    Redeclaring font encoding OMS on input line 568.
\macc@depth=\count122
\c@MaxMatrixCols=\count123
\dotsspace@=\muskip11
\c@parentequation=\count124
\dspbrk@lvl=\count125
\tag@help=\toks25
\row@=\count126
\column@=\count127
\maxfields@=\count128
\andhelp@=\toks26
\eqnshift@=\dimen160
\alignsep@=\dimen161
\tagshift@=\dimen162
\tagwidth@=\dimen163
\totwidth@=\dimen164
\lineht@=\dimen165
\@envbody=\toks27
\multlinegap=\skip58
\multlinetaggap=\skip59
\mathdisplay@stack=\toks28
LaTeX Info: Redefining \[ on input line 2666.
LaTeX Info: Redefining \] on input line 2667.
)
(C:\CTEX\MiKTeX\tex\latex\psnfss\times.sty
Package: times 2005/04/12 PSNFSS-v9.2a (SPQR) 
)
(C:\CTEX\MiKTeX\tex\latex\graphics\epsfig.sty
Package: epsfig 1999/02/16 v1.7a (e)psfig emulation (SPQR)
\epsfxsize=\dimen166
\epsfysize=\dimen167
)
(C:\CTEX\MiKTeX\tex\latex\amsfonts\amssymb.sty
Package: amssymb 2009/06/22 v3.00
)
(C:\CTEX\MiKTeX\tex\latex\algorithms\algorithm.sty
Package: algorithm 2009/08/24 v0.1 Document Style `algorithm' - floating enviro
nment
\@float@every@algorithm=\toks29
\c@algorithm=\count129
)
(C:\CTEX\MiKTeX\tex\latex\algorithms\algorithmic.sty
Package: algorithmic 2009/08/24 v0.1 Document Style `algorithmic'
\c@ALC@unique=\count130
\c@ALC@line=\count131
\c@ALC@rem=\count132
\c@ALC@depth=\count133
\ALC@tlm=\skip60
\algorithmicindent=\skip61
)
\c@theorem=\count134

(J:\ff_paper\pami_2017_dhp_master\pami_2017_dhp\pami2017_dhp.aux)
LaTeX Font Info:    Checking defaults for OML/cmm/m/it on input line 559.
LaTeX Font Info:    ... okay on input line 559.
LaTeX Font Info:    Checking defaults for T1/cmr/m/n on input line 559.
LaTeX Font Info:    ... okay on input line 559.
LaTeX Font Info:    Checking defaults for OT1/cmr/m/n on input line 559.
LaTeX Font Info:    ... okay on input line 559.
LaTeX Font Info:    Checking defaults for OMS/cmsy/m/n on input line 559.
LaTeX Font Info:    ... okay on input line 559.
LaTeX Font Info:    Checking defaults for OMX/cmex/m/n on input line 559.
LaTeX Font Info:    ... okay on input line 559.
LaTeX Font Info:    Checking defaults for U/cmr/m/n on input line 559.
LaTeX Font Info:    ... okay on input line 559.
LaTeX Font Info:    Checking defaults for PD1/pdf/m/n on input line 559.
LaTeX Font Info:    ... okay on input line 559.
LaTeX Font Info:    Try loading font information for T1+ptm on input line 559.

(C:\CTEX\MiKTeX\tex\latex\psnfss\t1ptm.fd
File: t1ptm.fd 2001/06/04 font definitions for T1/ptm.
)
LaTeX Font Info:    Font shape `T1/ptm/bx/n' in size <5.01874> not available
(Font)              Font shape `T1/ptm/b/n' tried instead on input line 559.
LaTeX Font Info:    Font shape `T1/ptm/bx/it' in size <5.01874> not available
(Font)              Font shape `T1/ptm/b/it' tried instead on input line 559.
LaTeX Font Info:    Font shape `T1/ptm/bx/n' in size <7.02625> not available
(Font)              Font shape `T1/ptm/b/n' tried instead on input line 559.
LaTeX Font Info:    Font shape `T1/ptm/bx/it' in size <7.02625> not available
(Font)              Font shape `T1/ptm/b/it' tried instead on input line 559.
LaTeX Font Info:    Font shape `T1/ptm/bx/n' in size <8.03> not available
(Font)              Font shape `T1/ptm/b/n' tried instead on input line 559.
LaTeX Font Info:    Font shape `T1/ptm/bx/it' in size <8.03> not available
(Font)              Font shape `T1/ptm/b/it' tried instead on input line 559.
LaTeX Font Info:    Font shape `T1/ptm/bx/n' in size <9.03374> not available
(Font)              Font shape `T1/ptm/b/n' tried instead on input line 559.
LaTeX Font Info:    Font shape `T1/ptm/bx/it' in size <9.03374> not available
(Font)              Font shape `T1/ptm/b/it' tried instead on input line 559.
LaTeX Font Info:    Font shape `T1/ptm/bx/n' in size <9.53561> not available
(Font)              Font shape `T1/ptm/b/n' tried instead on input line 559.
LaTeX Font Info:    Font shape `T1/ptm/bx/it' in size <9.53561> not available
(Font)              Font shape `T1/ptm/b/it' tried instead on input line 559.
LaTeX Font Info:    Font shape `T1/ptm/bx/n' in size <11.04124> not available
(Font)              Font shape `T1/ptm/b/n' tried instead on input line 559.
LaTeX Font Info:    Font shape `T1/ptm/bx/it' in size <11.04124> not available
(Font)              Font shape `T1/ptm/b/it' tried instead on input line 559.
LaTeX Font Info:    Font shape `T1/ptm/bx/n' in size <12.045> not available
(Font)              Font shape `T1/ptm/b/n' tried instead on input line 559.
LaTeX Font Info:    Font shape `T1/ptm/bx/it' in size <12.045> not available
(Font)              Font shape `T1/ptm/b/it' tried instead on input line 559.
LaTeX Font Info:    Font shape `T1/ptm/bx/n' in size <17.06374> not available
(Font)              Font shape `T1/ptm/b/n' tried instead on input line 559.
LaTeX Font Info:    Font shape `T1/ptm/bx/it' in size <17.06374> not available
(Font)              Font shape `T1/ptm/b/it' tried instead on input line 559.
LaTeX Font Info:    Font shape `T1/ptm/bx/n' in size <20.075> not available
(Font)              Font shape `T1/ptm/b/n' tried instead on input line 559.
LaTeX Font Info:    Font shape `T1/ptm/bx/it' in size <20.075> not available
(Font)              Font shape `T1/ptm/b/it' tried instead on input line 559.
LaTeX Font Info:    Font shape `T1/ptm/bx/n' in size <24.09> not available
(Font)              Font shape `T1/ptm/b/n' tried instead on input line 559.
LaTeX Font Info:    Font shape `T1/ptm/bx/it' in size <24.09> not available
(Font)              Font shape `T1/ptm/b/it' tried instead on input line 559.

-- Lines per column: 61 (exact).
\AtBeginShipoutBox=\box32
Package hyperref Info: Link coloring OFF on input line 559.
(C:\CTEX\MiKTeX\tex\latex\hyperref\nameref.sty
Package: nameref 2010/04/30 v2.40 Cross-referencing by name of section

(C:\CTEX\MiKTeX\tex\generic\oberdiek\gettitlestring.sty
Package: gettitlestring 2010/12/03 v1.4 Cleanup title references (HO)
)
\c@section@level=\count135
)
LaTeX Info: Redefining \ref on input line 559.
LaTeX Info: Redefining \pageref on input line 559.
LaTeX Info: Redefining \nameref on input line 559.

(J:\ff_paper\pami_2017_dhp_master\pami_2017_dhp\pami2017_dhp.out)
(J:\ff_paper\pami_2017_dhp_master\pami_2017_dhp\pami2017_dhp.out)
\@outlinefile=\write3
LaTeX Info: Redefining \microtypecontext on input line 559.
Package microtype Info: Generating PDF output.
Package microtype Info: Character protrusion enabled (level 2).
Package microtype Info: Using default protrusion set `alltext'.
Package microtype Info: Automatic font expansion enabled (level 2),
(microtype)             stretch: 20, shrink: 20, step: 1, non-selected.
Package microtype Info: Using default expansion set `basictext'.
Package microtype Info: No tracking.
Package microtype Info: No adjustment of interword spacing.
Package microtype Info: No adjustment of character kerning.

(C:\CTEX\MiKTeX\tex\latex\microtype\mt-ptm.cfg
File: mt-ptm.cfg 2006/04/20 v1.7 microtype config. file: Times (RS)
)
(C:\CTEX\MiKTeX\tex\context\base\supp-pdf.mkii
[Loading MPS to PDF converter (version 2006.09.02).]
\scratchcounter=\count136
\scratchdimen=\dimen168
\scratchbox=\box33
\nofMPsegments=\count137
\nofMParguments=\count138
\everyMPshowfont=\toks30
\MPscratchCnt=\count139
\MPscratchDim=\dimen169
\MPnumerator=\count140
\makeMPintoPDFobject=\count141
\everyMPtoPDFconversion=\toks31
)
Package caption Info: Begin \AtBeginDocument code.
Package caption Info: End \AtBeginDocument code.
LaTeX Font Info:    Try loading font information for T1+phv on input line 684.
 (C:\CTEX\MiKTeX\tex\latex\psnfss\t1phv.fd
File: t1phv.fd 2001/06/04 scalable font definitions for T1/phv.
)
LaTeX Font Info:    Font shape `T1/phv/m/it' in size <11.04124> not available
(Font)              Font shape `T1/phv/m/sl' tried instead on input line 684.
LaTeX Font Info:    Font shape `T1/phv/bx/n' in size <8.03> not available
(Font)              Font shape `T1/phv/b/n' tried instead on input line 684.
LaTeX Font Info:    Calculating math sizes for size <8.03> on input line 684.

(C:\CTEX\MiKTeX\tex\latex\microtype\mt-cmr.cfg
File: mt-cmr.cfg 2009/11/09 v2.0 microtype config. file: Computer Modern Roman 
(RS)
)
LaTeX Font Info:    Try loading font information for U+msa on input line 684.

(C:\CTEX\MiKTeX\tex\latex\amsfonts\umsa.fd
File: umsa.fd 2009/06/22 v3.00 AMS symbols A
)
(C:\CTEX\MiKTeX\tex\latex\microtype\mt-msa.cfg
File: mt-msa.cfg 2006/02/04 v1.1 microtype config. file: AMS symbols (a) (RS)
)
LaTeX Font Info:    Try loading font information for U+msb on input line 684.

(C:\CTEX\MiKTeX\tex\latex\amsfonts\umsb.fd
File: umsb.fd 2009/06/22 v3.00 AMS symbols B
)
(C:\CTEX\MiKTeX\tex\latex\microtype\mt-msb.cfg
File: mt-msb.cfg 2005/06/01 v1.0 microtype config. file: AMS symbols (b) (RS)
)
LaTeX Font Info:    Calculating math sizes for size <11.04124> on input line 68
4.
LaTeX Font Info:    Try loading font information for U+pzd on input line 684.

(C:\CTEX\MiKTeX\tex\latex\psnfss\upzd.fd
File: upzd.fd 2001/06/04 font definitions for U/pzd.
)
LaTeX Font Info:    Font shape `T1/phv/bx/n' in size <11.04124> not available
(Font)              Font shape `T1/phv/b/n' tried instead on input line 710.
LaTeX Font Info:    Font shape `T1/phv/bx/sc' in size <11.04124> not available
(Font)              Font shape `T1/phv/b/sc' tried instead on input line 710.
LaTeX Font Info:    Calculating math sizes for size <9.53561> on input line 742
.

<figures/introduction/fig_one.pdf, id=100, 6034.545pt x 2284.535pt>
File: figures/introduction/fig_one.pdf Graphic file (type pdf)

<use figures/introduction/fig_one.pdf>
Package pdftex.def Info: figures/introduction/fig_one.pdf used on input line 75
7.
(pdftex.def)             Requested size: 404.71352pt x 153.20596pt.

Underfull \vbox (badness 10000) has occurred while \output is active []

LaTeX Font Info:    Calculating math sizes for size <7.02625> on input line 781
.
 [1{C:/CTEX/UserData/pdftex/config/pdftex.map{Unicode.sfd}{UGBK.sfd}}


]
LaTeX Font Info:    Font shape `T1/phv/bx/n' in size <9.53561> not available
(Font)              Font shape `T1/phv/b/n' tried instead on input line 838.
 [2 <J:/ff_paper/pami_2017_dhp_master/pami_2017_dhp/figures/introduction/fig_on
e.pdf>]
<figures/database/consistence-magnitude.pdf, id=234, 484.8045pt x 85.29666pt>
File: figures/database/consistence-magnitude.pdf Graphic file (type pdf)

<use figures/database/consistence-magnitude.pdf>
Package pdftex.def Info: figures/database/consistence-magnitude.pdf used on inp
ut line 870.
(pdftex.def)             Requested size: 505.88998pt x 89.00967pt.

<figures/database/direction-consistence.pdf, id=235, 485.16919pt x 91.49281pt>
File: figures/database/direction-consistence.pdf Graphic file (type pdf)

<use figures/database/direction-consistence.pdf>
Package pdftex.def Info: figures/database/direction-consistence.pdf used on inp
ut line 880.
(pdftex.def)             Requested size: 505.88998pt x 95.40157pt.
 [3]
LaTeX Font Info:    Calculating math sizes for size <5.01874> on input line 100
2.


LaTeX Font Warning: Font shape `OT1/cmr/m/n' in size <2.50937> not available
(Font)              size <5> substituted on input line 1002.


LaTeX Font Warning: Font shape `OML/cmm/m/it' in size <2.50937> not available
(Font)              size <5> substituted on input line 1002.


LaTeX Font Warning: Font shape `OMS/cmsy/m/n' in size <2.50937> not available
(Font)              size <5> substituted on input line 1002.


<figures/database/direction-consistence-distribution.pdf, id=258, 489.90768pt x
 99.51277pt>
File: figures/database/direction-consistence-distribution.pdf Graphic file (typ
e pdf)
 <use figures/database/direction-consistence-distribution.pdf>
Package pdftex.def Info: figures/database/direction-consistence-distribution.pd
f used on input line 1007.
(pdftex.def)             Requested size: 505.88998pt x 102.75893pt.

Underfull \vbox (badness 10000) has occurred while \output is active []

 [4 <J:/ff_paper/pami_2017_dhp_master/pami_2017_dhp/figures/database/consistenc
e-magnitude.pdf> <J:/ff_paper/pami_2017_dhp_master/pami_2017_dhp/figures/databa
se/direction-consistence.pdf>]

pdfTeX warning: pdflatex.exe (file J:/ff_paper/pami_2017_dhp_master/pami_2017_d
hp/figures/database/direction-consistence-distribution-pie.pdf): PDF inclusion:
 found PDF version <1.6>, but at most version <1.5> allowed

<figures/database/direction-consistence-distribution-pie.pdf, id=321, 462.31822
pt x 362.30455pt>
File: figures/database/direction-consistence-distribution-pie.pdf Graphic file 
(type pdf)

<use figures/database/direction-consistence-distribution-pie.pdf>
Package pdftex.def Info: figures/database/direction-consistence-distribution-pi
e.pdf used on input line 1058.
(pdftex.def)             Requested size: 151.76852pt x 118.93617pt.

<figures/database/consi_on_time.pdf, id=322, 725.93346pt x 149.02876pt>
File: figures/database/consi_on_time.pdf Graphic file (type pdf)

<use figures/database/consi_on_time.pdf>
Package pdftex.def Info: figures/database/consi_on_time.pdf used on input line 
1066.
(pdftex.def)             Requested size: 227.64894pt x 46.73509pt.
 [5 <J:/ff_paper/pami_2017_dhp_master/pami_2017_dhp/figures/database/direction-
consistence-distribution.pdf> <J:/ff_paper/pami_2017_dhp_master/pami_2017_dhp/f
igures/database/direction-consistence-distribution-pie.pdf> <J:/ff_paper/pami_2
017_dhp_master/pami_2017_dhp/figures/database/consi_on_time.pdf>]
<figures/dhp_approach/main_framework.pdf, id=368, 2986.27264pt x 902.0607pt>
File: figures/dhp_approach/main_framework.pdf Graphic file (type pdf)

<use figures/dhp_approach/main_framework.pdf>
Package pdftex.def Info: figures/dhp_approach/main_framework.pdf used on input 
line 1090.
(pdftex.def)             Requested size: 505.88998pt x 152.81148pt.

Overfull \hbox (89.90076pt too wide) in paragraph at lines 1102--1129
 [] 
 []

LaTeX Font Info:    Font shape `T1/ptm/bx/it' in size <6.6749> not available
(Font)              Font shape `T1/ptm/b/it' tried instead on input line 1147.
LaTeX Font Info:    Font shape `T1/ptm/bx/it' in size <4.7678> not available
(Font)              Font shape `T1/ptm/b/it' tried instead on input line 1147.

Overfull \hbox (10.94733pt too wide) in alignment at lines 1186--1190
 [][][] []
 []


LaTeX Warning: Reference `use-define-of-expectation' on page 6 undefined on inp
ut line 1198.

[6]
Underfull \vbox (badness 10000) has occurred while \output is active []


<figures/dhp_approach/training_framework.pdf, id=429, 540.51938pt x 173.89969pt
>
File: figures/dhp_approach/training_framework.pdf Graphic file (type pdf)
 <use figures/dhp_approach/training_framework.pdf>
Package pdftex.def Info: figures/dhp_approach/training_framework.pdf used on in
put line 1243.
(pdftex.def)             Requested size: 505.88998pt x 162.76253pt.

Underfull \vbox (badness 10000) has occurred while \output is active []

 [7 <J:/ff_paper/pami_2017_dhp_master/pami_2017_dhp/figures/dhp_approach/main_f
ramework.pdf>]
Overfull \hbox (17.886pt too wide) detected at line 1265
\OML/cmm/m/it/10 r[] \OT1/cmr/m/n/10 = [] [] \OML/cmm/m/it/10 e[]e[]e[]:
 []


Overfull \hbox (11.6089pt too wide) detected at line 1286
\OML/cmm/m/it/10 P[]\OT1/cmr/m/n/10 (\OML/cmm/m/it/10 []\OMS/cmsy/m/n/10 jf[]\
OML/cmm/m/it/10 ; []\OMS/cmsy/m/n/10 g\OT1/cmr/m/n/10 ) = \OML/cmm/m/it/10 P[]\
OT1/cmr/m/n/10 (\OML/cmm/m/it/10 []\OMS/cmsy/m/n/10 jf\OML/cmm/m/it/10 x[]; y[
]\OMS/cmsy/m/n/10 g\OT1/cmr/m/n/10 )\OML/cmm/m/it/10 e[]:
 []


Overfull \hbox (6.61958pt too wide) detected at line 1302
\OML/cmm/m/it/10 P[]\OT1/cmr/m/n/10 ([]\OMS/cmsy/m/n/10 jf[]\OML/cmm/m/it/10 ; 
[]\OMS/cmsy/m/n/10 g\OT1/cmr/m/n/10 ) = \OML/cmm/m/it/10 e[]e[]:
 []


Underfull \hbox (badness 10000) in paragraph at lines 1341--1345
\T1/ptm/m/n/9.53561 (+20) Reward $\OML/cmm/m/it/10 r[]$ \T1/ptm/m/n/9.53561 (+2
0) can be sim-i-lar-ly rep-re-sent-ed by
 []


Underfull \vbox (badness 1057) has occurred while \output is active []

 [8 <J:/ff_paper/pami_2017_dhp_master/pami_2017_dhp/figures/dhp_approach/traini
ng_framework.pdf>]

LaTeX Font Warning: Command \small invalid in math mode on input line 1362.

LaTeX Font Info:    Calculating math sizes for size <9.03374> on input line 136
2.
LaTeX Font Info:    Calculating math sizes for size <> on input line 1363.

LaTeX Font Warning: Font shape `OT1/cmr/m/n' in size <> not available
(Font)              size <5> substituted on input line 1363.


LaTeX Font Warning: Font shape `OT1/cmr/m/n' in size <0.7> not available
(Font)              size <5> substituted on input line 1363.


LaTeX Font Warning: Font shape `OT1/cmr/m/n' in size <0.5> not available
(Font)              size <5> substituted on input line 1363.


LaTeX Font Warning: Font shape `OML/cmm/m/it' in size <> not available
(Font)              size <5> substituted on input line 1363.


LaTeX Font Warning: Font shape `OML/cmm/m/it' in size <0.7> not available
(Font)              size <5> substituted on input line 1363.


LaTeX Font Warning: Font shape `OML/cmm/m/it' in size <0.5> not available
(Font)              size <5> substituted on input line 1363.


LaTeX Font Warning: Font shape `OMS/cmsy/m/n' in size <> not available
(Font)              size <5> substituted on input line 1363.


LaTeX Font Warning: Font shape `OMS/cmsy/m/n' in size <0.7> not available
(Font)              size <5> substituted on input line 1363.


LaTeX Font Warning: Font shape `OMS/cmsy/m/n' in size <0.5> not available
(Font)              size <5> substituted on input line 1363.


LaTeX Font Warning: Font shape `OT1/cmr/bx/n' in size <> not available
(Font)              size <5> substituted on input line 1363.


LaTeX Font Warning: Font shape `OT1/cmr/bx/n' in size <0.7> not available
(Font)              size <5> substituted on input line 1363.


LaTeX Font Warning: Font shape `OT1/cmr/bx/n' in size <0.5> not available
(Font)              size <5> substituted on input line 1363.


<figures/dhp_approach_on_line/whole_framework_online_5.pdf, id=717, 457.50354pt
 x 349.42676pt>
File: figures/dhp_approach_on_line/whole_framework_online_5.pdf Graphic file (t
ype pdf)

<use figures/dhp_approach_on_line/whole_framework_online_5.pdf>
Package pdftex.def Info: figures/dhp_approach_on_line/whole_framework_online_5.
pdf used on input line 1379.
(pdftex.def)             Requested size: 252.94499pt x 193.18768pt.
Package hyperref Info: bookmark level for unknown algorithm defaults to 0 on in
put line 1430.

Underfull \hbox (badness 7030) in paragraph at lines 1441--1442
[] []\T1/ptm/m/n/9.53561 (+20) Obtain pol-i-cy and L-ST-M fea-ture: $[]\OML/cmm
/m/it/10 ; f[] \OT1/cmr/m/n/10 =$
 []


LaTeX Warning: Reference `opt-1' on page 9 undefined on input line 1450.

[9 <J:/ff_paper/pami_2017_dhp_master/pami_2017_dhp/figures/dhp_approach_on_line
/whole_framework_online_5.pdf>]
<figures/experiment/objective_result_1.pdf, id=794, 3635.06029pt x 1131.47412pt
>
File: figures/experiment/objective_result_1.pdf Graphic file (type pdf)
 <use figures/experiment/objective_result_1.pdf>
Package pdftex.def Info: figures/experiment/objective_result_1.pdf used on inpu
t line 1496.
(pdftex.def)             Requested size: 505.88998pt x 157.45572pt.


pdfTeX warning: pdflatex.exe (file J:/ff_paper/pami_2017_dhp_master/pami_2017_d
hp/figures/experiment/cc_0731_2.pdf): PDF inclusion: found PDF version <1.7>, b
ut at most version <1.5> allowed
<figures/experiment/cc_0731_2.pdf, id=799, 920.0194pt x 235.50284pt>
File: figures/experiment/cc_0731_2.pdf Graphic file (type pdf)

<use figures/experiment/cc_0731_2.pdf>
Package pdftex.def Info: figures/experiment/cc_0731_2.pdf used on input line 15
55.
(pdftex.def)             Requested size: 505.88998pt x 129.4946pt.


pdfTeX warning: pdflatex.exe (file J:/ff_paper/pami_2017_dhp_master/pami_2017_d
hp/figures/experiment/nss_0731_1.pdf): PDF inclusion: found PDF version <1.7>, 
but at most version <1.5> allowed
<figures/experiment/nss_0731_1.pdf, id=800, 919.31015pt x 227.69968pt>
File: figures/experiment/nss_0731_1.pdf Graphic file (type pdf)

<use figures/experiment/nss_0731_1.pdf>
Package pdftex.def Info: figures/experiment/nss_0731_1.pdf used on input line 1
563.
(pdftex.def)             Requested size: 505.88998pt x 125.30469pt.

<figures/experiment/scanpath_objective_result.pdf, id=801, 1856.76474pt x 468.8
6247pt>
File: figures/experiment/scanpath_objective_result.pdf Graphic file (type pdf)
 <use figures/experiment/scanpath_objective_result.pdf>
Package pdftex.def Info: figures/experiment/scanpath_objective_result.pdf used 
on input line 1569.
(pdftex.def)             Requested size: 505.88998pt x 127.73923pt.


LaTeX Warning: Citation `Li_2015_ICCV' on page 10 undefined on input line 1581.


[10]
Underfull \vbox (badness 10000) has occurred while \output is active []



pdfTeX warning: pdflatex.exe (file J:/ff_paper/pami_2017_dhp_master/pami_2017_d
hp/figures/experiment_on_line/Online_compare.pdf): PDF inclusion: found PDF ver
sion <1.7>, but at most version <1.5> allowed

<figures/experiment_on_line/Online_compare.pdf, id=862, 913.28041pt x 93.37485p
t>
File: figures/experiment_on_line/Online_compare.pdf Graphic file (type pdf)
 <use figures/experiment_on_line/Online_compare.pdf>
Package pdftex.def Info: figures/experiment_on_line/Online_compare.pdf used on 
input line 1608.
(pdftex.def)             Requested size: 505.88998pt x 51.7239pt.

<figures/experiment_on_line/Mean_MO.pdf, id=863, 496.21886pt x 143.74403pt>
File: figures/experiment_on_line/Mean_MO.pdf Graphic file (type pdf)

<use figures/experiment_on_line/Mean_MO.pdf>
Package pdftex.def Info: figures/experiment_on_line/Mean_MO.pdf used on input l
ine 1615.
(pdftex.def)             Requested size: 505.88998pt x 146.55334pt.
 [11 <J:/ff_paper/pami_2017_dhp_master/pami_2017_dhp/figures/experiment/objecti
ve_result_1.pdf> <J:/ff_paper/pami_2017_dhp_master/pami_2017_dhp/figures/experi
ment/cc_0731_2.pdf>] [12 <J:/ff_paper/pami_2017_dhp_master/pami_2017_dhp/figure
s/experiment/nss_0731_1.pdf> <J:/ff_paper/pami_2017_dhp_master/pami_2017_dhp/fi
gures/experiment/scanpath_objective_result.pdf> <J:/ff_paper/pami_2017_dhp_mast
er/pami_2017_dhp/figures/experiment_on_line/Online_compare.pdf> <J:/ff_paper/pa
mi_2017_dhp_master/pami_2017_dhp/figures/experiment_on_line/Mean_MO.pdf>]
(J:\ff_paper\pami_2017_dhp_master\pami_2017_dhp\pami2017_dhp.bbl [13]
Overfull \hbox (0.68355pt too wide) in paragraph at lines 96--98
[]\T1/ptm/m/n/8.03 (-20) M. F. Goodchild, ``Citizens as sensors: the world of v
olunteered geography,''
 []

)
Package atveryend Info: Empty hook `BeforeClearDocument' on input line 1782.
 [14]
Package atveryend Info: Empty hook `AfterLastShipout' on input line 1782.
 (J:\ff_paper\pami_2017_dhp_master\pami_2017_dhp\pami2017_dhp.aux)
Package atveryend Info: Executing hook `AtVeryEndDocument' on input line 1782.
Package atveryend Info: Executing hook `AtEndAfterFileList' on input line 1782.

Package rerunfilecheck Info: File `pami2017_dhp.out' has not changed.
(rerunfilecheck)             Checksum: 0A089F2D5E3404E0B8EF8182BE9E76F6;1437.


LaTeX Font Warning: Size substitutions with differences
(Font)              up to 4.5pt have occurred.


LaTeX Warning: There were undefined references.

 ) 
Here is how much of TeX's memory you used:
 11469 strings out of 495354
 176242 string characters out of 3183859
 315661 words of memory out of 3000000
 13877 multiletter control sequences out of 15000+200000
 193916 words of font info for 454 fonts, out of 3000000 for 9000
 17 hyphenation exceptions out of 8191
 38i,15n,43p,2289b,729s stack positions out of 5000i,500n,10000p,200000b,50000s
pdfTeX warning (dest): name{algorithm.1} has been referenced but does not exi
st, replaced by a fixed one

pdfTeX warning (dest): name{Hfootnote.7} has been referenced but does not exist
, replaced by a fixed one

pdfTeX warning (dest): name{Hfootnote.6} has been referenced but does not exist
, replaced by a fixed one

pdfTeX warning (dest): name{Hfootnote.5} has been referenced but does not exist
, replaced by a fixed one

pdfTeX warning (dest): name{Hfootnote.3} has been referenced but does not exist
, replaced by a fixed one

pdfTeX warning (dest): name{Hfootnote.4} has been referenced but does not exist
, replaced by a fixed one

pdfTeX warning (dest): name{Hfootnote.2} has been referenced but does not exist
, replaced by a fixed one

pdfTeX warning (dest): name{Hfootnote.1} has been referenced but does not exist
, replaced by a fixed one

{C:/CTEX/MiKTeX/fonts/enc/dvips/fontname/8r.enc}<C:/CTEX/MiKTeX/fonts/type1/pub
lic/amsfonts/cm/cmbx10.pfb><C:/CTEX/MiKTeX/fonts/type1/public/amsfonts/cm/cmex1
0.pfb><C:/CTEX/MiKTeX/fonts/type1/public/amsfonts/cmextra/cmex7.pfb><C:/CTEX/Mi
KTeX/fonts/type1/public/amsfonts/cmextra/cmex9.pfb><C:/CTEX/MiKTeX/fonts/type1/
public/amsfonts/cm/cmmi10.pfb><C:/CTEX/MiKTeX/fonts/type1/public/amsfonts/cm/cm
mi5.pfb><C:/CTEX/MiKTeX/fonts/type1/public/amsfonts/cm/cmmi6.pfb><C:/CTEX/MiKTe
X/fonts/type1/public/amsfonts/cm/cmmi7.pfb><C:/CTEX/MiKTeX/fonts/type1/public/a
msfonts/cm/cmmi8.pfb><C:/CTEX/MiKTeX/fonts/type1/public/amsfonts/cm/cmmi9.pfb><
C:/CTEX/MiKTeX/fonts/type1/public/amsfonts/cm/cmr10.pfb><C:/CTEX/MiKTeX/fonts/t
ype1/public/amsfonts/cm/cmr5.pfb><C:/CTEX/MiKTeX/fonts/type1/public/amsfonts/cm
/cmr6.pfb><C:/CTEX/MiKTeX/fonts/type1/public/amsfonts/cm/cmr7.pfb><C:/CTEX/MiKT
eX/fonts/type1/public/amsfonts/cm/cmr8.pfb><C:/CTEX/MiKTeX/fonts/type1/public/a
msfonts/cm/cmr9.pfb><C:/CTEX/MiKTeX/fonts/type1/public/amsfonts/cm/cmsy10.pfb><
C:/CTEX/MiKTeX/fonts/type1/public/amsfonts/cm/cmsy5.pfb><C:/CTEX/MiKTeX/fonts/t
ype1/public/amsfonts/cm/cmsy6.pfb><C:/CTEX/MiKTeX/fonts/type1/public/amsfonts/c
m/cmsy7.pfb><C:/CTEX/MiKTeX/fonts/type1/public/amsfonts/cm/cmsy8.pfb><C:/CTEX/M
iKTeX/fonts/type1/public/amsfonts/cm/cmsy9.pfb><C:/CTEX/MiKTeX/fonts/type1/publ
ic/amsfonts/symbols/msbm10.pfb><C:/CTEX/MiKTeX/fonts/type1/urw/helvetic/uhvb8a.
pfb><C:/CTEX/MiKTeX/fonts/type1/urw/helvetic/uhvr8a.pfb><C:/CTEX/MiKTeX/fonts/t
ype1/urw/helvetic/uhvro8a.pfb><C:/CTEX/MiKTeX/fonts/type1/urw/times/utmb8a.pfb>
<C:/CTEX/MiKTeX/fonts/type1/urw/times/utmbi8a.pfb><C:/CTEX/MiKTeX/fonts/type1/u
rw/times/utmr8a.pfb><C:/CTEX/MiKTeX/fonts/type1/urw/times/utmri8a.pfb><C:/CTEX/
MiKTeX/fonts/type1/urw/zapfding/uzdr.pfb>
Output written on pami2017_dhp.pdf (14 pages, 5080675 bytes).
PDF statistics:
 5153 PDF objects out of 5155 (max. 8388607)
 184 named destinations out of 1000 (max. 500000)
 48380 words of extra memory for PDF output out of 51595 (max. 10000000)

